
> netflix-elasticsearch@0.1.0 build
> next build

   Ôû▓ Next.js 16.0.3 (Turbopack)
   - Environments: .env

   Creating an optimized production build ...
 Ô£ô Compiled successfully in 3.7s
   Running TypeScript ...
   Collecting page data using 11 workers ...
   Generating static pages using 11 workers (0/5) ...
   Generating static pages using 11 workers (1/5) 
   Generating static pages using 11 workers (2/5) 
   Generating static pages using 11 workers (3/5) 
 Ô£ô Generating static pages using 11 workers (5/5) in 1125.2ms
   Finalizing page optimization ...

Route (app)
Ôöî Ôùï /
Ôö£ Ôùï /_not-found
Ôö£ ãÆ /api/history
Ôöö ãÆ /api/history/[type]


Ôùï  (Static)   prerendered as static content
ãÆ  (Dynamic)  server-rendered on demand

